        -:    0:Source:velha.cpp
        -:    1:/* Copyright [2024] <Copyright Ryan>
        -:    2: * \file  velha.cpp
        -:    3: */
        -:    4:#include "velha.hpp"
        -:    5:/**
        -:    6: * @brief verifica situacao do jogo da velha  
        -:    7: * @author Ryan Reis
        -:    8: * @param  velha - verifica se X venceu, ou se é impossível pelas regras;
        -:    9: */ 
        -:   10:
        6:   11:bool VerificaRegras(int velha[3][3]) {
        6:   12:    int primeiro = velha[0][0];
        6:   13:    if (primeiro != 1 && primeiro != 2) {
    #####:   14:        return false;
        -:   15:    }
       10:   16:    for (int i=0; i <= 2; i++) {
       29:   17:        for (int j=0; j <= 2; j++) {
       25:   18:            if (velha[i][j] != primeiro && velha[i][j] != 0) {
        5:   19:                return false;
        -:   20:            }
        -:   21:        }
        -:   22:    }
        -:   23:
        1:   24:    return true;
        -:   25:}
        -:   26:
        6:   27:int VerificaVelha(int velha[3][3]) {   /* Verifica as regras */
        6:   28:    if (VerificaRegras(velha) == true) {
        1:   29:        return -2;
        -:   30:    }
       20:   31:    for (int j=0; j <= 2; j++) {
        -:   32:        /* Verifica se a determinada linha j foi toda marcada por X/O*/
       15:   33:        if ((velha[j][0] == velha[j][1] && velha[j][1] == velha[j][2]) &&
        2:   34:        (velha[j][0] == 1 || velha[j][0] == 2)) {
    #####:   35:            return velha[j][0];
        -:   36:        }
        -:   37:    }
       16:   38:    for (int i=0; i <= 2; i++) {
        -:   39:        /* Verifica a determinada coluna i foi toda marcada por X/O*/
       13:   40:        if ((velha[0][i] == velha[1][i] && velha[1][i] == velha[2][i]) &&
        5:   41:        (velha[0][i] == 1 || velha[0][i] == 2)) {
        2:   42:            return velha[0][i];
        -:   43:        }
        -:   44:    }
        -:   45:    /*Verifica a diagonal principal*/
       3*:   46:    if ((velha[0][0] == velha[1][1] && velha[1][1] == velha[2][2]) &&
    #####:   47:    (velha[0][0] == 1 || velha[0][0] == 2)) {
    #####:   48:        return velha[0][0];
        -:   49:    }
        -:   50:    /*Verifica diagonal secundária*/
        3:   51:    if ((velha[0][2] == velha[1][1] && velha[1][1] == velha[2][0]) &&
       1*:   52:    (velha[1][1] == 1 || velha[1][1] == 2)) {
        1:   53:        return velha[1][1];
        -:   54:    }
        -:   55:    //return 0; - lógica ainda não implementada;
        2:   56:}
