        -:    0:Source:velha.cpp
        -:    1:/* Copyright [2024] <Copyright Ryan>
        -:    2: * \file  velha.cpp
        -:    3: */
        -:    4:#include "velha.hpp"
        -:    5:/**
        -:    6: * @brief verifica situacao do jogo da velha  
        -:    7: * @author Ryan Reis
        -:    8: * @param  velha - verifica se X venceu, ou se é impossível pelas regras;
        -:    9: */ 
        -:   10:
        3:   11:bool VerificaRegras(int velha[3][3]) {
        3:   12:    int primeiro = velha[0][0];
        3:   13:    if (primeiro != 1 && primeiro != 2) {
    #####:   14:        return false;
        -:   15:    }
        6:   16:    for (int i=0; i <= 2; i++) {
       17:   17:        for (int j=0; j <= 2; j++) {
       14:   18:            if (velha[i][j] != primeiro && velha[i][j] != 0) { return false; }
        -:   19:        }
        -:   20:    }
        -:   21:
        1:   22:    return true;
        -:   23:}
        -:   24:
        3:   25:int VerificaVelha(int velha[3][3])
        -:   26:{   /* Verifica as regras */
        3:   27:    if (VerificaRegras(velha) == true) { return -2; }
        8:   28:    for (int j=0; j <= 2; j++) {
        -:   29:        /* Verifica se a determinada linha j foi toda marcada por X*/
       6*:   30:        if (velha[j][0] == 1 && velha[j][1] == 1 && velha[j][2] == 1) {
    #####:   31:            return 1;
        -:   32:        }
        -:   33:    }
        7:   34:    for (int i=0; i <= 2; i++) {
        -:   35:        /* Verifica a determinada coluna i foi toda marcada por X*/
        6:   36:        if (velha[0][i] == 1 && velha[1][i] == 1 && velha[2][i] == 1) {
        1:   37:            return 1;
        -:   38:        }
        -:   39:    }
        -:   40:    /*Verifica a diagonal principal*/
       1*:   41:    if (velha[0][0] == 1 && velha[1][1] == 1 && velha[2][2] == 1) { return 1; }
        -:   42:    /*Verifica diagonal secundária*/
       1*:   43:    if (velha[0][2] == 1 && velha[1][1] == 1 && velha[2][0] == 1) { return 1; }
        -:   44:
        1:   45:    return 0;
        -:   46:}
